TN:
SF:/Users/Evita/Desktop/Evita/subjects/COMP531 Web Development/COMP531/hw5/src/actions.js
FN:0,_interopRequireDefault
FN:6,resource
FN:18,(anonymous_3)
FNF:3
FNH:3
FNDA:2,_interopRequireDefault
FNDA:11,resource
FNDA:10,(anonymous_3)
DA:0,2
DA:1,1
DA:2,1
DA:4,1
DA:6,1
DA:7,11
DA:14,11
DA:17,11
DA:19,10
DA:20,9
DA:21,8
DA:23,1
DA:28,1
DA:32,1
LF:14
LH:14
BRDA:0,1,0,0
BRDA:0,1,1,2
BRDA:0,2,0,2
BRDA:0,2,1,2
BRDA:14,3,0,3
BRDA:14,3,1,8
BRDA:19,4,0,9
BRDA:19,4,1,1
BRDA:20,5,0,8
BRDA:20,5,1,1
BRF:10
BRH:10
end_of_record
TN:
SF:/Users/Evita/Desktop/Evita/subjects/COMP531 Web Development/COMP531/hw5/src/actions.spec.js
FN:0,_interopRequireDefault
FN:6,(anonymous_2)
FN:9,(anonymous_3)
FN:20,(anonymous_4)
FN:27,(anonymous_5)
FN:34,(anonymous_6)
FN:41,(anonymous_7)
FN:42,(anonymous_8)
FN:48,(anonymous_9)
FN:58,(anonymous_10)
FN:64,(anonymous_11)
FN:74,(anonymous_12)
FN:84,(anonymous_13)
FNF:13
FNH:13
FNDA:2,_interopRequireDefault
FNDA:1,(anonymous_2)
FNDA:6,(anonymous_3)
FNDA:6,(anonymous_4)
FNDA:1,(anonymous_5)
FNDA:1,(anonymous_6)
FNDA:1,(anonymous_7)
FNDA:1,(anonymous_8)
FNDA:1,(anonymous_9)
FNDA:1,(anonymous_10)
FNDA:1,(anonymous_11)
FNDA:1,(anonymous_12)
FNDA:1,(anonymous_13)
DA:0,2
DA:1,1
DA:2,1
DA:3,1
DA:6,1
DA:7,1
DA:9,1
DA:10,6
DA:11,0
DA:12,0
DA:13,0
DA:15,6
DA:16,6
DA:17,6
DA:20,1
DA:21,6
DA:22,0
DA:23,0
DA:27,1
DA:28,1
DA:34,1
DA:35,1
DA:41,1
DA:42,1
DA:43,1
DA:48,1
DA:49,1
DA:50,1
DA:52,1
DA:58,1
DA:59,1
DA:64,1
DA:65,1
DA:69,1
DA:70,1
DA:74,1
DA:75,1
DA:79,1
DA:80,1
DA:84,1
DA:85,1
DA:88,1
DA:89,1
LF:43
LH:38
BRDA:0,1,0,0
BRDA:0,1,1,2
BRDA:0,2,0,2
BRDA:0,2,1,2
BRDA:10,3,0,0
BRDA:10,3,1,6
BRDA:21,4,0,0
BRDA:21,4,1,6
BRF:8
BRH:6
end_of_record
TN:
SF:/Users/Evita/Desktop/Evita/subjects/COMP531 Web Development/COMP531/hw5/src/components/app.js
FN:0,_interopRequireDefault
FN:7,App
FN:23,(anonymous_3)
FNF:3
FNH:1
FNDA:4,_interopRequireDefault
FNDA:0,App
FNDA:0,(anonymous_3)
DA:0,4
DA:1,1
DA:2,1
DA:3,1
DA:4,1
DA:5,1
DA:7,1
DA:8,0
DA:9,0
DA:12,0
DA:13,0
DA:16,0
DA:17,0
DA:22,1
DA:24,0
LF:15
LH:8
BRDA:0,1,0,3
BRDA:0,1,1,1
BRDA:0,2,0,4
BRDA:0,2,1,4
BRDA:8,3,0,0
BRDA:8,3,1,0
BRDA:12,4,0,0
BRDA:12,4,1,0
BRDA:16,5,0,0
BRDA:16,5,1,0
BRF:10
BRH:4
end_of_record
TN:
SF:/Users/Evita/Desktop/Evita/subjects/COMP531 Web Development/COMP531/hw5/src/components/main/main.js
FN:0,_interopRequireDefault
FN:8,Main
FNF:2
FNH:1
FNDA:5,_interopRequireDefault
FNDA:0,Main
DA:0,5
DA:1,1
DA:2,1
DA:3,1
DA:4,1
DA:5,1
DA:6,1
DA:8,1
DA:10,0
DA:28,1
LF:10
LH:9
BRDA:0,1,0,4
BRDA:0,1,1,1
BRDA:0,2,0,5
BRDA:0,2,1,5
BRF:4
BRH:4
end_of_record
TN:
SF:/Users/Evita/Desktop/Evita/subjects/COMP531 Web Development/COMP531/hw5/src/components/main/nav.js
FN:0,_interopRequireDefault
FN:4,Nav
FN:11,onClick
FN:16,onClick
FN:26,toProfile
FN:32,(anonymous_6)
FN:38,(anonymous_7)
FN:40,toProfilePage
FN:41,logout
FNF:9
FNH:1
FNDA:1,_interopRequireDefault
FNDA:0,Nav
FNDA:0,onClick
FNDA:0,onClick
FNDA:0,toProfile
FNDA:0,(anonymous_6)
FNDA:0,(anonymous_7)
FNDA:0,toProfilePage
FNDA:0,logout
DA:0,1
DA:1,1
DA:2,1
DA:4,1
DA:5,0
DA:7,0
DA:13,0
DA:14,0
DA:17,0
DA:26,1
DA:27,0
DA:28,0
DA:31,1
DA:33,0
DA:39,0
DA:40,0
DA:41,0
LF:17
LH:6
BRDA:0,1,0,0
BRDA:0,1,1,1
BRDA:0,2,0,1
BRDA:0,2,1,1
BRF:4
BRH:4
end_of_record
TN:
SF:/Users/Evita/Desktop/Evita/subjects/COMP531 Web Development/COMP531/hw5/src/components/main/headline.js
FN:0,_interopRequireDefault
FN:6,Headline
FN:14,ref
FN:16,onClick
FN:23,updateStatus
FN:26,(anonymous_6)
FN:34,(anonymous_7)
FNF:7
FNH:1
FNDA:1,_interopRequireDefault
FNDA:0,Headline
FNDA:0,ref
FNDA:0,onClick
FNDA:0,updateStatus
FNDA:0,(anonymous_6)
FNDA:0,(anonymous_7)
DA:0,1
DA:1,1
DA:2,1
DA:3,1
DA:4,1
DA:5,1
DA:6,1
DA:8,0
DA:14,0
DA:17,0
DA:23,1
DA:24,0
DA:25,0
DA:27,0
DA:29,0
DA:33,1
DA:35,0
LF:17
LH:9
BRDA:0,1,0,0
BRDA:0,1,1,1
BRDA:0,2,0,1
BRDA:0,2,1,1
BRDA:24,3,0,0
BRDA:24,3,1,0
BRF:6
BRH:4
end_of_record
TN:
SF:/Users/Evita/Desktop/Evita/subjects/COMP531 Web Development/COMP531/hw5/src/components/profile/profileActions.js
FN:0,_interopRequireDefault
FN:16,initProfile
FN:17,(anonymous_3)
FN:22,(anonymous_4)
FN:26,(anonymous_5)
FN:30,(anonymous_6)
FN:34,(anonymous_7)
FN:38,(anonymous_8)
FN:44,updateProfile
FN:45,(anonymous_10)
FN:50,(anonymous_11)
FNF:11
FNH:8
FNDA:1,_interopRequireDefault
FNDA:1,initProfile
FNDA:1,(anonymous_3)
FNDA:1,(anonymous_4)
FNDA:1,(anonymous_5)
FNDA:1,(anonymous_6)
FNDA:1,(anonymous_7)
FNDA:1,(anonymous_8)
FNDA:0,updateProfile
FNDA:0,(anonymous_10)
FNDA:0,(anonymous_11)
DA:0,1
DA:1,1
DA:16,1
DA:17,1
DA:18,1
DA:21,1
DA:23,1
DA:25,1
DA:27,1
DA:29,1
DA:31,1
DA:33,1
DA:35,1
DA:38,1
DA:39,1
DA:44,1
DA:45,0
DA:46,0
DA:47,0
DA:48,0
DA:49,0
DA:50,0
DA:51,0
LF:23
LH:16
BRDA:0,1,0,1
BRDA:0,1,1,0
BRDA:0,2,0,1
BRDA:0,2,1,1
BRF:4
BRH:4
end_of_record
TN:
SF:/Users/Evita/Desktop/Evita/subjects/COMP531 Web Development/COMP531/hw5/src/components/main/following.js
FN:0,_interopRequireDefault
FN:8,User
FN:14,onClick
FN:20,Following
FN:27,(anonymous_5)
FN:40,onClick
FN:45,add
FN:59,remove
FN:64,(anonymous_9)
FNF:9
FNH:1
FNDA:1,_interopRequireDefault
FNDA:0,User
FNDA:0,onClick
FNDA:0,Following
FNDA:0,(anonymous_5)
FNDA:0,onClick
FNDA:0,add
FNDA:0,remove
FNDA:0,(anonymous_9)
DA:0,1
DA:1,1
DA:2,1
DA:3,1
DA:4,1
DA:6,1
DA:8,1
DA:9,0
DA:14,0
DA:20,1
DA:22,0
DA:30,0
DA:40,0
DA:45,1
DA:46,0
DA:47,0
DA:49,0
DA:53,0
DA:54,0
DA:59,1
DA:60,0
DA:63,1
DA:65,0
LF:23
LH:11
BRDA:0,1,0,0
BRDA:0,1,1,1
BRDA:0,2,0,1
BRDA:0,2,1,1
BRDA:49,3,0,0
BRDA:49,3,1,0
BRF:6
BRH:4
end_of_record
TN:
SF:/Users/Evita/Desktop/Evita/subjects/COMP531 Web Development/COMP531/hw5/src/components/main/followingActions.js
FN:4,initFollowing
FN:5,(anonymous_2)
FN:8,(anonymous_3)
FN:9,(anonymous_4)
FN:13,(anonymous_5)
FN:17,follow
FN:18,(anonymous_7)
FN:20,(anonymous_8)
FN:27,unfollow
FN:28,(anonymous_10)
FN:30,(anonymous_11)
FN:37,displayFollowing
FN:38,(anonymous_13)
FN:45,(anonymous_14)
FN:47,(anonymous_15)
FN:48,(anonymous_16)
FNF:16
FNH:0
FNDA:0,initFollowing
FNDA:0,(anonymous_2)
FNDA:0,(anonymous_3)
FNDA:0,(anonymous_4)
FNDA:0,(anonymous_5)
FNDA:0,follow
FNDA:0,(anonymous_7)
FNDA:0,(anonymous_8)
FNDA:0,unfollow
FNDA:0,(anonymous_10)
FNDA:0,(anonymous_11)
FNDA:0,displayFollowing
FNDA:0,(anonymous_13)
FNDA:0,(anonymous_14)
FNDA:0,(anonymous_15)
FNDA:0,(anonymous_16)
DA:0,1
DA:1,1
DA:2,1
DA:4,1
DA:5,0
DA:6,0
DA:7,0
DA:9,0
DA:10,0
DA:13,0
DA:17,1
DA:18,0
DA:19,0
DA:21,0
DA:22,0
DA:27,1
DA:28,0
DA:29,0
DA:31,0
DA:32,0
DA:37,1
DA:38,0
DA:39,0
DA:44,0
DA:45,0
DA:46,0
DA:47,0
DA:48,0
DA:49,0
LF:29
LH:7
BRF:0
BRH:0
end_of_record
TN:
SF:/Users/Evita/Desktop/Evita/subjects/COMP531 Web Development/COMP531/hw5/src/components/article/articleActions.js
FN:3,initArticles
FN:4,(anonymous_2)
FN:7,(anonymous_3)
FN:8,(anonymous_4)
FN:12,addArticle
FN:13,(anonymous_6)
FN:15,(anonymous_7)
FN:18,(anonymous_8)
FN:22,clear
FN:23,(anonymous_10)
FNF:10
FNH:3
FNDA:1,initArticles
FNDA:1,(anonymous_2)
FNDA:1,(anonymous_3)
FNDA:0,(anonymous_4)
FNDA:0,addArticle
FNDA:0,(anonymous_6)
FNDA:0,(anonymous_7)
FNDA:0,(anonymous_8)
FNDA:0,clear
FNDA:0,(anonymous_10)
DA:0,1
DA:1,1
DA:3,1
DA:4,1
DA:6,1
DA:7,1
DA:8,0
DA:12,1
DA:13,0
DA:14,0
DA:16,0
DA:18,0
DA:22,1
DA:23,0
DA:24,0
LF:15
LH:8
BRF:0
BRH:0
end_of_record
TN:
SF:/Users/Evita/Desktop/Evita/subjects/COMP531 Web Development/COMP531/hw5/src/components/article/article.js
FN:0,_interopRequireDefault
FN:5,Article
FNF:2
FNH:1
FNDA:3,_interopRequireDefault
FNDA:0,Article
DA:0,3
DA:1,1
DA:2,1
DA:3,1
DA:5,1
DA:7,0
DA:13,1
LF:7
LH:6
BRDA:0,1,0,2
BRDA:0,1,1,1
BRDA:0,2,0,3
BRDA:0,2,1,3
BRF:4
BRH:4
end_of_record
TN:
SF:/Users/Evita/Desktop/Evita/subjects/COMP531 Web Development/COMP531/hw5/src/components/article/newArticle.js
FN:0,_interopRequireDefault
FN:5,NewArticle
FN:17,onClick
FN:25,onClick
FN:36,getPicture
FN:51,(anonymous_6)
FNF:6
FNH:1
FNDA:1,_interopRequireDefault
FNDA:0,NewArticle
FNDA:0,onClick
FNDA:0,onClick
FNDA:0,getPicture
FNDA:0,(anonymous_6)
DA:0,1
DA:1,1
DA:2,1
DA:3,1
DA:5,1
DA:7,0
DA:18,0
DA:19,0
DA:20,0
DA:22,0
DA:26,0
DA:36,1
DA:37,0
DA:38,0
DA:39,0
DA:40,0
DA:41,0
DA:42,0
DA:44,0
DA:46,0
DA:50,1
DA:52,0
LF:22
LH:7
BRDA:0,1,0,0
BRDA:0,1,1,1
BRDA:0,2,0,1
BRDA:0,2,1,1
BRDA:39,3,0,0
BRDA:39,3,1,0
BRDA:41,4,0,0
BRDA:41,4,1,0
BRDA:41,5,0,0
BRDA:41,5,1,0
BRDA:41,5,2,0
BRF:11
BRH:4
end_of_record
TN:
SF:/Users/Evita/Desktop/Evita/subjects/COMP531 Web Development/COMP531/hw5/src/components/article/articlesView.js
FN:0,_interopRequireDefault
FN:4,Card
FN:30,(anonymous_3)
FN:50,ArticlesView
FN:57,onChange
FN:63,(anonymous_6)
FN:80,(anonymous_7)
FN:85,(anonymous_8)
FN:87,search
FNF:9
FNH:3
FNDA:1,_interopRequireDefault
FNDA:0,Card
FNDA:0,(anonymous_3)
FNDA:2,ArticlesView
FNDA:0,onChange
FNDA:2,(anonymous_6)
FNDA:0,(anonymous_7)
FNDA:0,(anonymous_8)
FNDA:0,search
DA:0,1
DA:1,1
DA:2,1
DA:4,1
DA:5,0
DA:33,0
DA:50,2
DA:53,2
DA:57,0
DA:65,2
DA:79,1
DA:81,0
DA:86,0
DA:87,0
LF:14
LH:8
BRDA:0,1,0,0
BRDA:0,1,1,1
BRDA:0,2,0,1
BRDA:0,2,1,1
BRDA:18,3,0,0
BRDA:18,3,1,0
BRDA:26,4,0,0
BRDA:26,4,1,0
BRF:8
BRH:4
end_of_record
TN:
SF:/Users/Evita/Desktop/Evita/subjects/COMP531 Web Development/COMP531/hw5/src/components/auth/landing.js
FN:0,_interopRequireDefault
FN:6,Landing
FNF:2
FNH:1
FNDA:3,_interopRequireDefault
FNDA:0,Landing
DA:0,3
DA:1,1
DA:2,1
DA:3,1
DA:4,1
DA:6,1
DA:8,0
DA:31,1
LF:8
LH:7
BRDA:0,1,0,2
BRDA:0,1,1,1
BRDA:0,2,0,3
BRDA:0,2,1,3
BRF:4
BRH:4
end_of_record
TN:
SF:/Users/Evita/Desktop/Evita/subjects/COMP531 Web Development/COMP531/hw5/src/components/auth/register.js
FN:0,_interopRequireDefault
FN:15,Register
FN:18,onSubmit
FN:32,ref
FN:39,ref
FN:46,ref
FN:52,ref
FN:58,ref
FN:64,ref
FN:70,ref
FN:86,validate
FN:106,(anonymous_12)
FN:111,(anonymous_13)
FN:113,setMsg
FNF:14
FNH:1
FNDA:1,_interopRequireDefault
FNDA:0,Register
FNDA:0,onSubmit
FNDA:0,ref
FNDA:0,ref
FNDA:0,ref
FNDA:0,ref
FNDA:0,ref
FNDA:0,ref
FNDA:0,ref
FNDA:0,validate
FNDA:0,(anonymous_12)
FNDA:0,(anonymous_13)
FNDA:0,setMsg
DA:0,1
DA:1,1
DA:2,1
DA:3,1
DA:5,1
DA:15,1
DA:17,0
DA:19,0
DA:20,0
DA:32,0
DA:39,0
DA:46,0
DA:52,0
DA:58,0
DA:64,0
DA:70,0
DA:86,1
DA:87,0
DA:89,0
DA:92,0
DA:93,0
DA:96,0
DA:105,1
DA:107,0
DA:112,0
DA:113,0
LF:26
LH:8
BRDA:0,1,0,0
BRDA:0,1,1,1
BRDA:0,2,0,1
BRDA:0,2,1,1
BRDA:87,3,0,0
BRDA:87,3,1,0
BRDA:92,4,0,0
BRDA:92,4,1,0
BRF:8
BRH:4
end_of_record
TN:
SF:/Users/Evita/Desktop/Evita/subjects/COMP531 Web Development/COMP531/hw5/src/components/auth/authActions.js
FN:0,_interopRequireDefault
FN:8,init
FN:9,(anonymous_3)
FN:21,(anonymous_4)
FN:23,(anonymous_5)
FN:28,(anonymous_6)
FN:32,(anonymous_7)
FN:36,(anonymous_8)
FN:40,(anonymous_9)
FN:47,loginAction
FN:48,(anonymous_11)
FN:50,(anonymous_12)
FN:54,(anonymous_13)
FN:60,logoutAction
FN:61,(anonymous_15)
FN:63,(anonymous_16)
FN:66,(anonymous_17)
FN:72,registerAction
FN:73,(anonymous_19)
FN:77,(anonymous_20)
FNF:20
FNH:9
FNDA:1,_interopRequireDefault
FNDA:1,init
FNDA:0,(anonymous_3)
FNDA:0,(anonymous_4)
FNDA:0,(anonymous_5)
FNDA:0,(anonymous_6)
FNDA:0,(anonymous_7)
FNDA:0,(anonymous_8)
FNDA:0,(anonymous_9)
FNDA:2,loginAction
FNDA:2,(anonymous_11)
FNDA:1,(anonymous_12)
FNDA:2,(anonymous_13)
FNDA:1,logoutAction
FNDA:1,(anonymous_15)
FNDA:1,(anonymous_16)
FNDA:0,(anonymous_17)
FNDA:0,registerAction
FNDA:0,(anonymous_19)
FNDA:0,(anonymous_20)
DA:0,1
DA:1,1
DA:2,1
DA:3,1
DA:4,1
DA:5,1
DA:8,1
DA:9,1
DA:11,0
DA:20,0
DA:21,0
DA:22,0
DA:24,0
DA:27,0
DA:29,0
DA:31,0
DA:33,0
DA:35,0
DA:38,0
DA:40,0
DA:41,0
DA:47,2
DA:48,2
DA:49,2
DA:51,1
DA:52,1
DA:55,2
DA:56,2
DA:60,1
DA:61,1
DA:62,1
DA:64,1
DA:67,0
DA:72,1
DA:73,0
DA:74,0
DA:78,0
LF:37
LH:20
BRDA:0,1,0,0
BRDA:0,1,1,1
BRDA:0,2,0,1
BRDA:0,2,1,1
BRF:4
BRH:4
end_of_record
TN:
SF:/Users/Evita/Desktop/Evita/subjects/COMP531 Web Development/COMP531/hw5/src/components/auth/login.js
FN:0,_interopRequireDefault
FN:9,Login
FN:17,onSubmit
FN:28,ref
FN:34,ref
FN:54,(anonymous_6)
FNF:6
FNH:1
FNDA:1,_interopRequireDefault
FNDA:0,Login
FNDA:0,onSubmit
FNDA:0,ref
FNDA:0,ref
FNDA:0,(anonymous_6)
DA:0,1
DA:3,1
DA:4,1
DA:5,1
DA:9,1
DA:11,0
DA:16,0
DA:18,0
DA:19,0
DA:28,0
DA:34,0
DA:48,1
DA:52,1
DA:55,0
LF:14
LH:7
BRDA:0,1,0,0
BRDA:0,1,1,1
BRDA:0,2,0,1
BRDA:0,2,1,1
BRF:4
BRH:4
end_of_record
TN:
SF:/Users/Evita/Desktop/Evita/subjects/COMP531 Web Development/COMP531/hw5/src/components/profile/profile.js
FN:0,_interopRequireDefault
FN:26,CurrentProfile
FN:36,(anonymous_3)
FN:53,UpdateProfile
FN:57,onSubmit
FN:73,ref
FN:80,ref
FN:87,ref
FN:94,ref
FN:106,validate
FN:124,Profile
FN:164,(anonymous_12)
FN:171,(anonymous_13)
FN:173,setMsg
FNF:14
FNH:1
FNDA:2,_interopRequireDefault
FNDA:0,CurrentProfile
FNDA:0,(anonymous_3)
FNDA:0,UpdateProfile
FNDA:0,onSubmit
FNDA:0,ref
FNDA:0,ref
FNDA:0,ref
FNDA:0,ref
FNDA:0,validate
FNDA:0,Profile
FNDA:0,(anonymous_12)
FNDA:0,(anonymous_13)
FNDA:0,setMsg
DA:0,2
DA:1,1
DA:2,1
DA:3,1
DA:5,1
DA:8,1
DA:18,1
DA:26,1
DA:27,0
DA:28,0
DA:30,0
DA:37,0
DA:39,0
DA:53,1
DA:55,0
DA:58,0
DA:59,0
DA:73,0
DA:80,0
DA:87,0
DA:94,0
DA:106,1
DA:108,0
DA:109,0
DA:114,0
DA:120,0
DA:124,1
DA:126,0
DA:162,1
DA:165,0
DA:166,0
DA:172,0
DA:173,0
LF:33
LH:12
BRDA:0,1,0,1
BRDA:0,1,1,1
BRDA:0,2,0,2
BRDA:0,2,1,2
BRDA:37,3,0,0
BRDA:37,3,1,0
BRDA:108,4,0,0
BRDA:108,4,1,0
BRF:8
BRH:4
end_of_record
TN:
SF:/Users/Evita/Desktop/Evita/subjects/COMP531 Web Development/COMP531/hw5/src/components/article/articleActions.spec.js
FN:0,_interopRequireDefault
FN:5,(anonymous_2)
FN:7,(anonymous_3)
FN:20,(anonymous_4)
FN:27,(anonymous_5)
FN:34,(anonymous_6)
FNF:6
FNH:6
FNDA:2,_interopRequireDefault
FNDA:1,(anonymous_2)
FNDA:1,(anonymous_3)
FNDA:1,(anonymous_4)
FNDA:1,(anonymous_5)
FNDA:1,(anonymous_6)
DA:0,2
DA:1,1
DA:2,1
DA:3,1
DA:5,1
DA:6,1
DA:7,1
DA:8,1
DA:9,0
DA:10,0
DA:11,0
DA:14,1
DA:15,1
DA:16,1
DA:17,1
DA:20,1
DA:21,1
DA:22,0
DA:23,0
DA:27,1
DA:28,1
DA:34,1
DA:35,1
DA:36,1
LF:24
LH:19
BRDA:0,1,0,0
BRDA:0,1,1,2
BRDA:0,2,0,2
BRDA:0,2,1,2
BRDA:8,3,0,0
BRDA:8,3,1,1
BRDA:21,4,0,0
BRDA:21,4,1,1
BRF:8
BRH:6
end_of_record
TN:
SF:/Users/Evita/Desktop/Evita/subjects/COMP531 Web Development/COMP531/hw5/src/components/article/articlesView.spec.js
FN:0,_interopRequireDefault
FN:8,(anonymous_2)
FN:11,(anonymous_3)
FN:24,(anonymous_4)
FN:31,(anonymous_5)
FN:35,search
FN:43,(anonymous_7)
FN:46,search
FNF:8
FNH:6
FNDA:2,_interopRequireDefault
FNDA:1,(anonymous_2)
FNDA:2,(anonymous_3)
FNDA:2,(anonymous_4)
FNDA:1,(anonymous_5)
FNDA:0,search
FNDA:1,(anonymous_7)
FNDA:0,search
DA:0,2
DA:2,1
DA:3,1
DA:4,1
DA:5,1
DA:6,1
DA:8,1
DA:9,1
DA:11,1
DA:12,2
DA:13,0
DA:14,0
DA:15,0
DA:18,2
DA:19,2
DA:20,2
DA:21,2
DA:24,1
DA:25,2
DA:26,0
DA:27,0
DA:31,1
DA:32,1
DA:33,1
DA:34,1
DA:35,0
DA:37,1
DA:38,1
DA:39,1
DA:43,1
DA:44,1
DA:45,1
DA:46,0
DA:49,1
DA:50,1
LF:35
LH:28
BRDA:0,1,0,0
BRDA:0,1,1,2
BRDA:0,2,0,2
BRDA:0,2,1,2
BRDA:12,3,0,0
BRDA:12,3,1,2
BRDA:25,4,0,0
BRDA:25,4,1,2
BRF:8
BRH:6
end_of_record
TN:
SF:/Users/Evita/Desktop/Evita/subjects/COMP531 Web Development/COMP531/hw5/src/components/auth/authActions.spec.js
FN:0,_interopRequireDefault
FN:5,(anonymous_2)
FN:7,(anonymous_3)
FN:26,(anonymous_4)
FN:33,(anonymous_5)
FN:45,(anonymous_6)
FN:54,(anonymous_7)
FN:66,(anonymous_8)
FN:73,(anonymous_9)
FN:81,(anonymous_10)
FNF:10
FNH:10
FNDA:2,_interopRequireDefault
FNDA:1,(anonymous_2)
FNDA:3,(anonymous_3)
FNDA:3,(anonymous_4)
FNDA:1,(anonymous_5)
FNDA:3,(anonymous_6)
FNDA:1,(anonymous_7)
FNDA:1,(anonymous_8)
FNDA:1,(anonymous_9)
FNDA:1,(anonymous_10)
DA:0,2
DA:1,1
DA:2,1
DA:3,1
DA:5,1
DA:6,1
DA:7,1
DA:8,3
DA:9,0
DA:10,0
DA:11,0
DA:12,0
DA:13,0
DA:14,0
DA:15,0
DA:16,0
DA:18,3
DA:19,3
DA:20,3
DA:21,3
DA:22,3
DA:26,1
DA:27,3
DA:28,0
DA:29,0
DA:33,1
DA:34,1
DA:35,1
DA:37,1
DA:44,1
DA:46,3
DA:47,1
DA:48,1
DA:49,1
DA:54,1
DA:55,1
DA:56,1
DA:58,1
DA:65,1
DA:67,1
DA:73,1
DA:74,1
DA:79,1
DA:81,1
DA:82,1
DA:83,1
DA:84,1
LF:47
LH:37
BRDA:0,1,0,0
BRDA:0,1,1,2
BRDA:0,2,0,2
BRDA:0,2,1,2
BRDA:8,3,0,0
BRDA:8,3,1,3
BRDA:27,4,0,0
BRDA:27,4,1,3
BRF:8
BRH:6
end_of_record
TN:
SF:/Users/Evita/Desktop/Evita/subjects/COMP531 Web Development/COMP531/hw5/src/components/profile/profileActions.spec.js
FN:0,_interopRequireDefault
FN:5,(anonymous_2)
FN:9,(anonymous_3)
FN:22,(anonymous_4)
FN:29,(anonymous_5)
FN:56,(anonymous_6)
FN:70,(anonymous_7)
FNF:7
FNH:7
FNDA:2,_interopRequireDefault
FNDA:1,(anonymous_2)
FNDA:2,(anonymous_3)
FNDA:2,(anonymous_4)
FNDA:1,(anonymous_5)
FNDA:1,(anonymous_6)
FNDA:1,(anonymous_7)
DA:0,2
DA:1,1
DA:2,1
DA:3,1
DA:5,1
DA:7,1
DA:9,1
DA:10,2
DA:11,0
DA:12,0
DA:13,0
DA:16,2
DA:17,2
DA:18,2
DA:19,2
DA:22,1
DA:23,2
DA:24,0
DA:25,0
DA:29,1
DA:30,1
DA:36,1
DA:42,1
DA:47,1
DA:52,1
DA:54,1
DA:55,1
DA:57,1
DA:70,1
DA:71,1
DA:77,1
DA:78,1
DA:79,1
LF:33
LH:28
BRDA:0,1,0,0
BRDA:0,1,1,2
BRDA:0,2,0,2
BRDA:0,2,1,2
BRDA:10,3,0,0
BRDA:10,3,1,2
BRDA:23,4,0,0
BRDA:23,4,1,2
BRF:8
BRH:6
end_of_record
TN:
SF:/Users/Evita/Desktop/Evita/subjects/COMP531 Web Development/COMP531/hw5/src/reducers.js
FN:0,(anonymous_1)
FN:0,_toConsumableArray
FN:6,Reducer
FN:111,(anonymous_4)
FN:144,(anonymous_5)
FNF:5
FNH:4
FNDA:0,(anonymous_1)
FNDA:1,_toConsumableArray
FNDA:12,Reducer
FNDA:0,(anonymous_4)
FNDA:3,(anonymous_5)
DA:0,1
DA:2,1
DA:3,1
DA:4,1
DA:6,12
DA:17,12
DA:18,12
DA:21,0
DA:27,0
DA:43,1
DA:54,0
DA:60,1
DA:71,0
DA:75,0
DA:82,1
DA:87,4
DA:88,0
DA:94,4
DA:101,0
DA:110,0
DA:111,0
DA:121,0
DA:128,1
DA:143,1
DA:145,3
DA:146,1
DA:148,2
DA:156,0
DA:163,0
DA:178,1
DA:190,1
DA:198,0
DA:206,1
DA:209,1
LF:34
LH:21
BRDA:0,1,0,1
BRDA:0,1,1,0
BRDA:0,2,0,0
BRDA:0,2,1,0
BRDA:0,3,0,1
BRDA:0,3,1,0
BRDA:6,4,0,11
BRDA:6,4,1,1
BRDA:6,5,0,12
BRDA:6,5,1,12
BRDA:19,6,0,0
BRDA:19,6,1,0
BRDA:19,6,2,1
BRDA:19,6,3,0
BRDA:19,6,4,1
BRDA:19,6,5,0
BRDA:19,6,6,0
BRDA:19,6,7,1
BRDA:19,6,8,4
BRDA:19,6,9,0
BRDA:19,6,10,0
BRDA:19,6,11,0
BRDA:19,6,12,1
BRDA:19,6,13,1
BRDA:19,6,14,0
BRDA:19,6,15,0
BRDA:19,6,16,1
BRDA:19,6,17,1
BRDA:19,6,18,0
BRDA:87,7,0,0
BRDA:87,7,1,4
BRDA:145,8,0,1
BRDA:145,8,1,2
BRDA:145,9,0,3
BRDA:145,9,1,3
BRF:35
BRH:23
end_of_record
TN:
SF:/Users/Evita/Desktop/Evita/subjects/COMP531 Web Development/COMP531/hw5/src/reducers.spec.js
FN:0,_interopRequireDefault
FN:5,(anonymous_2)
FN:8,(anonymous_3)
FN:20,(anonymous_4)
FN:27,(anonymous_5)
FN:33,(anonymous_6)
FN:39,(anonymous_7)
FN:45,(anonymous_8)
FN:59,(anonymous_9)
FNF:9
FNH:9
FNDA:2,_interopRequireDefault
FNDA:1,(anonymous_2)
FNDA:5,(anonymous_3)
FNDA:5,(anonymous_4)
FNDA:1,(anonymous_5)
FNDA:1,(anonymous_6)
FNDA:1,(anonymous_7)
FNDA:1,(anonymous_8)
FNDA:1,(anonymous_9)
DA:0,2
DA:1,1
DA:2,1
DA:3,1
DA:5,1
DA:6,1
DA:8,1
DA:9,5
DA:10,0
DA:11,0
DA:12,0
DA:15,5
DA:16,5
DA:17,5
DA:20,1
DA:21,5
DA:22,0
DA:23,0
DA:27,1
DA:28,1
DA:29,1
DA:33,1
DA:34,1
DA:35,1
DA:36,1
DA:39,1
DA:40,1
DA:41,1
DA:42,1
DA:45,1
DA:46,1
DA:47,1
DA:48,1
DA:49,1
DA:50,1
DA:59,1
DA:60,1
DA:61,1
DA:66,1
DA:67,1
LF:40
LH:35
BRDA:0,1,0,0
BRDA:0,1,1,2
BRDA:0,2,0,2
BRDA:0,2,1,2
BRDA:9,3,0,0
BRDA:9,3,1,5
BRDA:21,4,0,0
BRDA:21,4,1,5
BRF:8
BRH:6
end_of_record
