
> stub@1.0.0 test /Users/Evita/Desktop/Evita/subjects/COMP531 Web Development/COMP531/hw5/backend
> mocha --opts mocha.opts ./src/*.spec.js "--reporter" "xunit" "bash:" "xunit/results.xml"

<testsuite name="Mocha Tests" tests="5" failures="0" errors="0" skipped="0" timestamp="Thu, 06 Apr 2017 01:57:39 GMT" time="0.09">
<testcase classname="Validate POST /article" name="should GET articles" time="0.038"/>
<testcase classname="Validate POST /article" name="should POST a new articles" time="0.035"/>
<testcase classname="Validate POST /article" name="should GET articles with length + 1" time="0.004"/>
<testcase classname="validate PUT /headline" name="should GET headline for yy55" time="0.006"/>
<testcase classname="validate PUT /headline" name="should PUT headline for yy55" time="0.004"/>
</testsuite>
