<?xml version="1.0"?>
<testsuite name="Chrome 56.0.2924 (Mac OS X 10.11.6)" package="" timestamp="2017-03-25T03:43:25" id="0" hostname="yans-MacBook-Pro.local" tests="19" errors="0" failures="0" time="0.074">
  <properties>
    <property name="browser.fullName" value="Mozilla/5.0 (Macintosh; Intel Mac OS X 10_11_6) AppleWebKit/537.36 (KHTML, like Gecko) Chrome/56.0.2924.87 Safari/537.36"/>
  </properties>
  <testcase name="Validate actions (these are functions that dispatch actions) resource should be a resource (i.e., mock a request)" time="0.004" classname="Chrome_56_0_2924_(Mac_OS_X_10_11_6).Validate actions (these are functions that dispatch actions)"/>
  <testcase name="Validate actions (these are functions that dispatch actions) Resource should give me the http error" time="0" classname="Chrome_56_0_2924_(Mac_OS_X_10_11_6).Validate actions (these are functions that dispatch actions)"/>
  <testcase name="Validate actions (these are functions that dispatch actions) resource should be POSTable" time="0.001" classname="Chrome_56_0_2924_(Mac_OS_X_10_11_6).Validate actions (these are functions that dispatch actions)"/>
  <testcase name="Validate actions (these are functions that dispatch actions) should update error message (for displaying error mesage to user)" time="0.001" classname="Chrome_56_0_2924_(Mac_OS_X_10_11_6).Validate actions (these are functions that dispatch actions)"/>
  <testcase name="Validate actions (these are functions that dispatch actions) should update success message (for displaying success message to user)" time="0" classname="Chrome_56_0_2924_(Mac_OS_X_10_11_6).Validate actions (these are functions that dispatch actions)"/>
  <testcase name="Validate actions (these are functions that dispatch actions) should navigate (to profile, main, or landing)" time="0" classname="Chrome_56_0_2924_(Mac_OS_X_10_11_6).Validate actions (these are functions that dispatch actions)"/>
  <testcase name="Validate Article actions should fetch articles (mocked request)" time="0.002" classname="Chrome_56_0_2924_(Mac_OS_X_10_11_6).Validate Article actions"/>
  <testcase name="ArticlesView (component tests) should render articles" time="0.025" classname="Chrome_56_0_2924_(Mac_OS_X_10_11_6).ArticlesView (component tests)"/>
  <testcase name="ArticlesView (component tests) should dispatch actions to create a new article" time="0.002" classname="Chrome_56_0_2924_(Mac_OS_X_10_11_6).ArticlesView (component tests)"/>
  <testcase name="Validate Authentication (involves mocked requests) should log in a user" time="0.001" classname="Chrome_56_0_2924_(Mac_OS_X_10_11_6).Validate Authentication (involves mocked requests)"/>
  <testcase name="Validate Authentication (involves mocked requests) should not log in an invalid user" time="0.002" classname="Chrome_56_0_2924_(Mac_OS_X_10_11_6).Validate Authentication (involves mocked requests)"/>
  <testcase name="Validate Authentication (involves mocked requests) should log out a user (state should be cleared)" time="0.001" classname="Chrome_56_0_2924_(Mac_OS_X_10_11_6).Validate Authentication (involves mocked requests)"/>
  <testcase name="Validate Profile actions (mocked requests) should fetch the user's proile information" time="0.034" classname="Chrome_56_0_2924_(Mac_OS_X_10_11_6).Validate Profile actions (mocked requests)"/>
  <testcase name="Validate Profile actions (mocked requests) should update headline" time="0" classname="Chrome_56_0_2924_(Mac_OS_X_10_11_6).Validate Profile actions (mocked requests)"/>
  <testcase name="Validate reducer (no fetch requests here) should initialize state" time="0" classname="Chrome_56_0_2924_(Mac_OS_X_10_11_6).Validate reducer (no fetch requests here)"/>
  <testcase name="Validate reducer (no fetch requests here) should state success (for displaying success message to user)" time="0" classname="Chrome_56_0_2924_(Mac_OS_X_10_11_6).Validate reducer (no fetch requests here)"/>
  <testcase name="Validate reducer (no fetch requests here) should state success (for displaying success message to user)" time="0" classname="Chrome_56_0_2924_(Mac_OS_X_10_11_6).Validate reducer (no fetch requests here)"/>
  <testcase name="Validate reducer (no fetch requests here) should set the articles" time="0.001" classname="Chrome_56_0_2924_(Mac_OS_X_10_11_6).Validate reducer (no fetch requests here)"/>
  <testcase name="Validate reducer (no fetch requests here) should filter displayed articles by the search keyword" time="0" classname="Chrome_56_0_2924_(Mac_OS_X_10_11_6).Validate reducer (no fetch requests here)"/>
  <system-out>
    <![CDATA[Chrome 56.0.2924 (Mac OS X 10.11.6) LOG: Object{type: 'UPDATE_ARTICLES', articles: [Object{id: ..., author: ..., text: ...}]}
,Chrome 56.0.2924 (Mac OS X 10.11.6) LOG: '[line: 31][object Object]'
,Chrome 56.0.2924 (Mac OS X 10.11.6) ERROR: 'Warning: Each child in an array or iterator should have a unique "key" prop. Check the top-level render call using <table>. See https://fb.me/react-warning-keys for more information.
    in div'
,Chrome 56.0.2924 (Mac OS X 10.11.6) LOG: '[line: 35][object Object]'
,Chrome 56.0.2924 (Mac OS X 10.11.6) LOG: AssertionError{message: 'expected [Function] to deeply equal { type: 'LOG_IN', username: 'yy55' }', showDiff: true, actual: function (dispatch) { ... }, expected: Object{type: 'LOG_IN', username: 'yy55'}}
,Chrome 56.0.2924 (Mac OS X 10.11.6) LOG: Error{}
,Chrome 56.0.2924 (Mac OS X 10.11.6) LOG: '[53]'

]]>
  </system-out>
  <system-err/>
</testsuite>